# JRE version: OpenJDK Runtime Environment Temurin-21.0.9+10 (21.0.9+10) (build 21.0.9+10-LTS)
# Java VM: OpenJDK 64-Bit Server VM Temurin-21.0.9+10 (21.0.9+10-LTS, mixed mode, sharing, tiered, compressed oops, compressed class ptrs, parallel gc, windows-amd64)
GC Precious Log:
 CardTable entry size: 512
 CPUs: 12 total, 12 available
 Memory: 16068M
 Large Page Support: Disabled
 NUMA Support: Disabled
 Compressed Oops: Enabled (32-bit)
 Alignments: Space 512K, Generation 512K, Heap 2M
 Heap Min Capacity: 100M
 Heap Initial Capacity: 100M
 Heap Max Capacity: 2G
 Pre-touch: Disabled
 Parallel Workers: 10
Heap:
 PSYoungGen      total 10240K, used 9552K [0x00000000d5580000, 0x00000000d6180000, 0x0000000100000000)
  eden space 8704K, 97% used [0x00000000d5580000,0x00000000d5dce830,0x00000000d5e00000)
  from space 1536K, 68% used [0x00000000d5e80000,0x00000000d5f85950,0x00000000d6000000)
  to   space 1536K, 0% used [0x00000000d6000000,0x00000000d6000000,0x00000000d6180000)
 ParOldGen       total 1178112K, used 193365K [0x0000000080000000, 0x00000000c7e80000, 0x00000000d5580000)
  object space 1178112K, 16% used [0x0000000080000000,0x000000008bcd5768,0x00000000c7e80000)
 Metaspace       used 92738K, committed 94336K, reserved 1179648K
  class space    used 9660K, committed 10368K, reserved 1048576K
GC Heap History (20 events):
Event: 83189.854 GC heap before
{Heap before GC invocations=1779 (full 5):
 PSYoungGen      total 10752K, used 9129K [0x00000000d5580000, 0x00000000d6200000, 0x0000000100000000)
  eden space 8704K, 100% used [0x00000000d5580000,0x00000000d5e00000,0x00000000d5e00000)
  from space 2048K, 20% used [0x00000000d5e00000,0x00000000d5e6a650,0x00000000d6000000)
  to   space 1024K, 0% used [0x00000000d6100000,0x00000000d6100000,0x00000000d6200000)
 ParOldGen       total 1178112K, used 190224K [0x0000000080000000, 0x00000000c7e80000, 0x00000000d5580000)
  object space 1178112K, 16% used [0x0000000080000000,0x000000008b9c4070,0x00000000c7e80000)
 Metaspace       used 92536K, committed 94208K, reserved 1179648K
  class space    used 9640K, committed 10368K, reserved 1048576K
}
Event: 83189.855 GC heap after
{Heap after GC invocations=1779 (full 5):
 PSYoungGen      total 9216K, used 478K [0x00000000d5580000, 0x00000000d6180000, 0x0000000100000000)
  eden space 8704K, 0% used [0x00000000d5580000,0x00000000d5580000,0x00000000d5e00000)
  from space 512K, 93% used [0x00000000d6100000,0x00000000d6177970,0x00000000d6180000)
  to   space 512K, 0% used [0x00000000d6080000,0x00000000d6080000,0x00000000d6100000)
 ParOldGen       total 1178112K, used 190456K [0x0000000080000000, 0x00000000c7e80000, 0x00000000d5580000)
  object space 1178112K, 16% used [0x0000000080000000,0x000000008b9fe1b0,0x00000000c7e80000)
 Metaspace       used 92536K, committed 94208K, reserved 1179648K
  class space    used 9640K, committed 10368K, reserved 1048576K
}
Event: 83189.875 GC heap before
{Heap before GC invocations=1780 (full 5):
 PSYoungGen      total 9216K, used 9182K [0x00000000d5580000, 0x00000000d6180000, 0x0000000100000000)
  eden space 8704K, 100% used [0x00000000d5580000,0x00000000d5e00000,0x00000000d5e00000)
  from space 512K, 93% used [0x00000000d6100000,0x00000000d6177970,0x00000000d6180000)
  to   space 512K, 0% used [0x00000000d6080000,0x00000000d6080000,0x00000000d6100000)
 ParOldGen       total 1178112K, used 190456K [0x0000000080000000, 0x00000000c7e80000, 0x00000000d5580000)
  object space 1178112K, 16% used [0x0000000080000000,0x000000008b9fe1b0,0x00000000c7e80000)
 Metaspace       used 92536K, committed 94208K, reserved 1179648K
  class space    used 9640K, committed 10368K, reserved 1048576K
}
Event: 83189.877 GC heap after
{Heap after GC invocations=1780 (full 5):
 PSYoungGen      total 9216K, used 423K [0x00000000d5580000, 0x00000000d6180000, 0x0000000100000000)
  eden space 8704K, 0% used [0x00000000d5580000,0x00000000d5580000,0x00000000d5e00000)
  from space 512K, 82% used [0x00000000d6080000,0x00000000d60e9ff0,0x00000000d6100000)
  to   space 512K, 0% used [0x00000000d6100000,0x00000000d6100000,0x00000000d6180000)
 ParOldGen       total 1178112K, used 190750K [0x0000000080000000, 0x00000000c7e80000, 0x00000000d5580000)
  object space 1178112K, 16% used [0x0000000080000000,0x000000008ba47a90,0x00000000c7e80000)
 Metaspace       used 92536K, committed 94208K, reserved 1179648K
  class space    used 9640K, committed 10368K, reserved 1048576K
}
Event: 83189.897 GC heap before
{Heap before GC invocations=1781 (full 5):
 PSYoungGen      total 9216K, used 9127K [0x00000000d5580000, 0x00000000d6180000, 0x0000000100000000)
  eden space 8704K, 100% used [0x00000000d5580000,0x00000000d5e00000,0x00000000d5e00000)
  from space 512K, 82% used [0x00000000d6080000,0x00000000d60e9ff0,0x00000000d6100000)
  to   space 512K, 0% used [0x00000000d6100000,0x00000000d6100000,0x00000000d6180000)
 ParOldGen       total 1178112K, used 190750K [0x0000000080000000, 0x00000000c7e80000, 0x00000000d5580000)
  object space 1178112K, 16% used [0x0000000080000000,0x000000008ba47a90,0x00000000c7e80000)
 Metaspace       used 92536K, committed 94208K, reserved 1179648K
  class space    used 9640K, committed 10368K, reserved 1048576K
}
Event: 83189.899 GC heap after
{Heap after GC invocations=1781 (full 5):
 PSYoungGen      total 9216K, used 499K [0x00000000d5580000, 0x00000000d6180000, 0x0000000100000000)
  eden space 8704K, 0% used [0x00000000d5580000,0x00000000d5580000,0x00000000d5e00000)
  from space 512K, 97% used [0x00000000d6100000,0x00000000d617cf38,0x00000000d6180000)
  to   space 1024K, 0% used [0x00000000d5f80000,0x00000000d5f80000,0x00000000d6080000)
 ParOldGen       total 1178112K, used 190976K [0x0000000080000000, 0x00000000c7e80000, 0x00000000d5580000)
  object space 1178112K, 16% used [0x0000000080000000,0x000000008ba80258,0x00000000c7e80000)
 Metaspace       used 92536K, committed 94208K, reserved 1179648K
  class space    used 9640K, committed 10368K, reserved 1048576K
}
Event: 83189.914 GC heap before
{Heap before GC invocations=1782 (full 5):
 PSYoungGen      total 9216K, used 9203K [0x00000000d5580000, 0x00000000d6180000, 0x0000000100000000)
  eden space 8704K, 100% used [0x00000000d5580000,0x00000000d5e00000,0x00000000d5e00000)
  from space 512K, 97% used [0x00000000d6100000,0x00000000d617cf38,0x00000000d6180000)
  to   space 1024K, 0% used [0x00000000d5f80000,0x00000000d5f80000,0x00000000d6080000)
 ParOldGen       total 1178112K, used 190976K [0x0000000080000000, 0x00000000c7e80000, 0x00000000d5580000)
  object space 1178112K, 16% used [0x0000000080000000,0x000000008ba80258,0x00000000c7e80000)
 Metaspace       used 92536K, committed 94208K, reserved 1179648K
  class space    used 9640K, committed 10368K, reserved 1048576K
}
Event: 83189.916 GC heap after
{Heap after GC invocations=1782 (full 5):
 PSYoungGen      total 9728K, used 319K [0x00000000d5580000, 0x00000000d6180000, 0x0000000100000000)
  eden space 8704K, 0% used [0x00000000d5580000,0x00000000d5580000,0x00000000d5e00000)
  from space 1024K, 31% used [0x00000000d5f80000,0x00000000d5fcff70,0x00000000d6080000)
  to   space 512K, 0% used [0x00000000d6100000,0x00000000d6100000,0x00000000d6180000)
 ParOldGen       total 1178112K, used 191357K [0x0000000080000000, 0x00000000c7e80000, 0x00000000d5580000)
  object space 1178112K, 16% used [0x0000000080000000,0x000000008badf7c0,0x00000000c7e80000)
 Metaspace       used 92536K, committed 94208K, reserved 1179648K
  class space    used 9640K, committed 10368K, reserved 1048576K
}
Event: 83189.932 GC heap before
{Heap before GC invocations=1783 (full 5):
 PSYoungGen      total 9728K, used 9023K [0x00000000d5580000, 0x00000000d6180000, 0x0000000100000000)
  eden space 8704K, 100% used [0x00000000d5580000,0x00000000d5e00000,0x00000000d5e00000)
  from space 1024K, 31% used [0x00000000d5f80000,0x00000000d5fcff70,0x00000000d6080000)
  to   space 512K, 0% used [0x00000000d6100000,0x00000000d6100000,0x00000000d6180000)
 ParOldGen       total 1178112K, used 191357K [0x0000000080000000, 0x00000000c7e80000, 0x00000000d5580000)
  object space 1178112K, 16% used [0x0000000080000000,0x000000008badf7c0,0x00000000c7e80000)
 Metaspace       used 92536K, committed 94208K, reserved 1179648K
  class space    used 9640K, committed 10368K, reserved 1048576K
}
Event: 83189.934 GC heap after
{Heap after GC invocations=1783 (full 5):
 PSYoungGen      total 9216K, used 460K [0x00000000d5580000, 0x00000000d6180000, 0x0000000100000000)
  eden space 8704K, 0% used [0x00000000d5580000,0x00000000d5580000,0x00000000d5e00000)
  from space 512K, 89% used [0x00000000d6100000,0x00000000d61731f0,0x00000000d6180000)
  to   space 512K, 0% used [0x00000000d6080000,0x00000000d6080000,0x00000000d6100000)
 ParOldGen       total 1178112K, used 191532K [0x0000000080000000, 0x00000000c7e80000, 0x00000000d5580000)
  object space 1178112K, 16% used [0x0000000080000000,0x000000008bb0b0e0,0x00000000c7e80000)
 Metaspace       used 92536K, committed 94208K, reserved 1179648K
  class space    used 9640K, committed 10368K, reserved 1048576K
}
Event: 83189.952 GC heap before
{Heap before GC invocations=1784 (full 5):
 PSYoungGen      total 9216K, used 9164K [0x00000000d5580000, 0x00000000d6180000, 0x0000000100000000)
  eden space 8704K, 100% used [0x00000000d5580000,0x00000000d5e00000,0x00000000d5e00000)
  from space 512K, 89% used [0x00000000d6100000,0x00000000d61731f0,0x00000000d6180000)
  to   space 512K, 0% used [0x00000000d6080000,0x00000000d6080000,0x00000000d6100000)
 ParOldGen       total 1178112K, used 191532K [0x0000000080000000, 0x00000000c7e80000, 0x00000000d5580000)
  object space 1178112K, 16% used [0x0000000080000000,0x000000008bb0b0e0,0x00000000c7e80000)
 Metaspace       used 92536K, committed 94208K, reserved 1179648K
  class space    used 9640K, committed 10368K, reserved 1048576K
}
Event: 83189.954 GC heap after
{Heap after GC invocations=1784 (full 5):
 PSYoungGen      total 9216K, used 482K [0x00000000d5580000, 0x00000000d6180000, 0x0000000100000000)
  eden space 8704K, 0% used [0x00000000d5580000,0x00000000d5580000,0x00000000d5e00000)
  from space 512K, 94% used [0x00000000d6080000,0x00000000d60f8848,0x00000000d6100000)
  to   space 512K, 0% used [0x00000000d6100000,0x00000000d6100000,0x00000000d6180000)
 ParOldGen       total 1178112K, used 191770K [0x0000000080000000, 0x00000000c7e80000, 0x00000000d5580000)
  object space 1178112K, 16% used [0x0000000080000000,0x000000008bb46b48,0x00000000c7e80000)
 Metaspace       used 92536K, committed 94208K, reserved 1179648K
  class space    used 9640K, committed 10368K, reserved 1048576K
}
Event: 83189.970 GC heap before
{Heap before GC invocations=1785 (full 5):
 PSYoungGen      total 9216K, used 9186K [0x00000000d5580000, 0x00000000d6180000, 0x0000000100000000)
  eden space 8704K, 100% used [0x00000000d5580000,0x00000000d5e00000,0x00000000d5e00000)
  from space 512K, 94% used [0x00000000d6080000,0x00000000d60f8848,0x00000000d6100000)
  to   space 512K, 0% used [0x00000000d6100000,0x00000000d6100000,0x00000000d6180000)
 ParOldGen       total 1178112K, used 191770K [0x0000000080000000, 0x00000000c7e80000, 0x00000000d5580000)
  object space 1178112K, 16% used [0x0000000080000000,0x000000008bb46b48,0x00000000c7e80000)
 Metaspace       used 92536K, committed 94208K, reserved 1179648K
  class space    used 9640K, committed 10368K, reserved 1048576K
}
Event: 83189.974 GC heap after
{Heap after GC invocations=1785 (full 5):
 PSYoungGen      total 9216K, used 378K [0x00000000d5580000, 0x00000000d6180000, 0x0000000100000000)
  eden space 8704K, 0% used [0x00000000d5580000,0x00000000d5580000,0x00000000d5e00000)
  from space 512K, 73% used [0x00000000d6100000,0x00000000d615ea18,0x00000000d6180000)
  to   space 512K, 0% used [0x00000000d6080000,0x00000000d6080000,0x00000000d6100000)
 ParOldGen       total 1178112K, used 192049K [0x0000000080000000, 0x00000000c7e80000, 0x00000000d5580000)
  object space 1178112K, 16% used [0x0000000080000000,0x000000008bb8c708,0x00000000c7e80000)
 Metaspace       used 92536K, committed 94208K, reserved 1179648K
  class space    used 9640K, committed 10368K, reserved 1048576K
}
Event: 83190.204 GC heap before
{Heap before GC invocations=1786 (full 5):
 PSYoungGen      total 9216K, used 9082K [0x00000000d5580000, 0x00000000d6180000, 0x0000000100000000)
  eden space 8704K, 100% used [0x00000000d5580000,0x00000000d5e00000,0x00000000d5e00000)
  from space 512K, 73% used [0x00000000d6100000,0x00000000d615ea18,0x00000000d6180000)
  to   space 512K, 0% used [0x00000000d6080000,0x00000000d6080000,0x00000000d6100000)
 ParOldGen       total 1178112K, used 192049K [0x0000000080000000, 0x00000000c7e80000, 0x00000000d5580000)
  object space 1178112K, 16% used [0x0000000080000000,0x000000008bb8c708,0x00000000c7e80000)
 Metaspace       used 92536K, committed 94208K, reserved 1179648K
  class space    used 9640K, committed 10368K, reserved 1048576K
}
Event: 83190.206 GC heap after
{Heap after GC invocations=1786 (full 5):
 PSYoungGen      total 9216K, used 512K [0x00000000d5580000, 0x00000000d6180000, 0x0000000100000000)
  eden space 8704K, 0% used [0x00000000d5580000,0x00000000d5580000,0x00000000d5e00000)
  from space 512K, 100% used [0x00000000d6080000,0x00000000d6100000,0x00000000d6100000)
  to   space 512K, 0% used [0x00000000d6100000,0x00000000d6100000,0x00000000d6180000)
 ParOldGen       total 1178112K, used 192362K [0x0000000080000000, 0x00000000c7e80000, 0x00000000d5580000)
  object space 1178112K, 16% used [0x0000000080000000,0x000000008bbda898,0x00000000c7e80000)
 Metaspace       used 92536K, committed 94208K, reserved 1179648K
  class space    used 9640K, committed 10368K, reserved 1048576K
}
Event: 83223.506 GC heap before
{Heap before GC invocations=1787 (full 5):
 PSYoungGen      total 9216K, used 8121K [0x00000000d5580000, 0x00000000d6180000, 0x0000000100000000)
  eden space 8704K, 87% used [0x00000000d5580000,0x00000000d5cee630,0x00000000d5e00000)
  from space 512K, 100% used [0x00000000d6080000,0x00000000d6100000,0x00000000d6100000)
  to   space 512K, 0% used [0x00000000d6100000,0x00000000d6100000,0x00000000d6180000)
 ParOldGen       total 1178112K, used 192362K [0x0000000080000000, 0x00000000c7e80000, 0x00000000d5580000)
  object space 1178112K, 16% used [0x0000000080000000,0x000000008bbda898,0x00000000c7e80000)
 Metaspace       used 92562K, committed 94208K, reserved 1179648K
  class space    used 9641K, committed 10368K, reserved 1048576K
}
Event: 83223.509 GC heap after
{Heap after GC invocations=1787 (full 5):
 PSYoungGen      total 9216K, used 504K [0x00000000d5580000, 0x00000000d6180000, 0x0000000100000000)
  eden space 8704K, 0% used [0x00000000d5580000,0x00000000d5580000,0x00000000d5e00000)
  from space 512K, 98% used [0x00000000d6100000,0x00000000d617e170,0x00000000d6180000)
  to   space 1536K, 0% used [0x00000000d5e80000,0x00000000d5e80000,0x00000000d6000000)
 ParOldGen       total 1178112K, used 192920K [0x0000000080000000, 0x00000000c7e80000, 0x00000000d5580000)
  object space 1178112K, 16% used [0x0000000080000000,0x000000008bc66368,0x00000000c7e80000)
 Metaspace       used 92562K, committed 94208K, reserved 1179648K
  class space    used 9641K, committed 10368K, reserved 1048576K
}
Event: 83223.549 GC heap before
{Heap before GC invocations=1788 (full 5):
 PSYoungGen      total 9216K, used 9205K [0x00000000d5580000, 0x00000000d6180000, 0x0000000100000000)
  eden space 8704K, 99% used [0x00000000d5580000,0x00000000d5dff528,0x00000000d5e00000)
  from space 512K, 98% used [0x00000000d6100000,0x00000000d617e170,0x00000000d6180000)
  to   space 1536K, 0% used [0x00000000d5e80000,0x00000000d5e80000,0x00000000d6000000)
 ParOldGen       total 1178112K, used 192920K [0x0000000080000000, 0x00000000c7e80000, 0x00000000d5580000)
  object space 1178112K, 16% used [0x0000000080000000,0x000000008bc66368,0x00000000c7e80000)
 Metaspace       used 92566K, committed 94208K, reserved 1179648K
  class space    used 9641K, committed 10368K, reserved 1048576K
}
Event: 83223.553 GC heap after
{Heap after GC invocations=1788 (full 5):
 PSYoungGen      total 10240K, used 1046K [0x00000000d5580000, 0x00000000d6180000, 0x0000000100000000)
  eden space 8704K, 0% used [0x00000000d5580000,0x00000000d5580000,0x00000000d5e00000)
  from space 1536K, 68% used [0x00000000d5e80000,0x00000000d5f85950,0x00000000d6000000)
  to   space 1536K, 0% used [0x00000000d6000000,0x00000000d6000000,0x00000000d6180000)
 ParOldGen       total 1178112K, used 193365K [0x0000000080000000, 0x00000000c7e80000, 0x00000000d5580000)
  object space 1178112K, 16% used [0x0000000080000000,0x000000008bcd5768,0x00000000c7e80000)
 Metaspace       used 92566K, committed 94208K, reserved 1179648K
  class space    used 9641K, committed 10368K, reserved 1048576K
}

